<?xml version="1.0" encoding="UTF-8"?>
<testng-results ignored="0" total="8" passed="8" failed="0" skipped="0">
  <reporter-output>
  </reporter-output>
  <suite started-at="2023-01-20T10:51:41Z" name="Default suite" finished-at="2023-01-20T11:00:22Z" duration-ms="521031">
    <groups>
      <group name="cucumber">
        <method signature="AbstractTestNGCucumberTests.runScenario(io.cucumber.testng.PickleEventWrapper, io.cucumber.testng.CucumberFeatureWrapper)[pri:0, instance:org.runner.Runner@598bd2ba]" name="runScenario" class="io.cucumber.testng.AbstractTestNGCucumberTests"/>
      </group> <!-- cucumber -->
    </groups>
    <test started-at="2023-01-20T10:51:41Z" name="Default test" finished-at="2023-01-20T11:00:22Z" duration-ms="521031">
      <class name="org.runner.Runner">
        <test-method is-config="true" signature="setUpClass()[pri:0, instance:org.runner.Runner@598bd2ba]" started-at="2023-01-20T10:51:41Z" name="setUpClass" finished-at="2023-01-20T10:51:42Z" duration-ms="725" status="PASS">
          <reporter-output>
          </reporter-output>
        </test-method> <!-- setUpClass -->
        <test-method signature="runScenario(io.cucumber.testng.PickleEventWrapper, io.cucumber.testng.CucumberFeatureWrapper)[pri:0, instance:org.runner.Runner@598bd2ba]" started-at="2023-01-20T10:51:42Z" name="runScenario" description="Runs Cucumber Scenarios" data-provider="scenarios" finished-at="2023-01-20T10:53:30Z" duration-ms="108207" status="PASS">
          <params>
            <param index="0">
              <value>
                <![CDATA["To validate application contact's Name in LinkedIn website using US Region"]]>
              </value>
            </param>
            <param index="1">
              <value>
                <![CDATA["Validate application details in LinkedIn website and Salesforce website using US Region"]]>
              </value>
            </param>
          </params>
          <reporter-output>
          </reporter-output>
        </test-method> <!-- runScenario -->
        <test-method signature="runScenario(io.cucumber.testng.PickleEventWrapper, io.cucumber.testng.CucumberFeatureWrapper)[pri:0, instance:org.runner.Runner@598bd2ba]" started-at="2023-01-20T10:53:30Z" name="runScenario" description="Runs Cucumber Scenarios" data-provider="scenarios" finished-at="2023-01-20T10:54:15Z" duration-ms="45131" status="PASS">
          <params>
            <param index="0">
              <value>
                <![CDATA["To validate application Company Details as Adobe in LinkedIn website using US Region"]]>
              </value>
            </param>
            <param index="1">
              <value>
                <![CDATA["Validate application Company Details as Adobe in LinkedIn website and Salesforce website using US Region"]]>
              </value>
            </param>
          </params>
          <reporter-output>
          </reporter-output>
        </test-method> <!-- runScenario -->
        <test-method signature="runScenario(io.cucumber.testng.PickleEventWrapper, io.cucumber.testng.CucumberFeatureWrapper)[pri:0, instance:org.runner.Runner@598bd2ba]" started-at="2023-01-20T10:54:15Z" name="runScenario" description="Runs Cucumber Scenarios" data-provider="scenarios" finished-at="2023-01-20T10:54:47Z" duration-ms="31399" status="PASS">
          <params>
            <param index="0">
              <value>
                <![CDATA["To validate application Job Description Details as IT Head in Adobe in LinkedIn website using US Region"]]>
              </value>
            </param>
            <param index="1">
              <value>
                <![CDATA["Validate application Job Description Details as IT Head in Adobe in LinkedIn website using US Region"]]>
              </value>
            </param>
          </params>
          <reporter-output>
          </reporter-output>
        </test-method> <!-- runScenario -->
        <test-method signature="runScenario(io.cucumber.testng.PickleEventWrapper, io.cucumber.testng.CucumberFeatureWrapper)[pri:0, instance:org.runner.Runner@598bd2ba]" started-at="2023-01-20T10:54:47Z" name="runScenario" description="Runs Cucumber Scenarios" data-provider="scenarios" finished-at="2023-01-20T10:57:26Z" duration-ms="159397" status="PASS">
          <params>
            <param index="0">
              <value>
                <![CDATA["To validate application Salesforce login with US Region"]]>
              </value>
            </param>
            <param index="1">
              <value>
                <![CDATA["Validate application Salesforce login with US Region"]]>
              </value>
            </param>
          </params>
          <reporter-output>
          </reporter-output>
        </test-method> <!-- runScenario -->
        <test-method signature="runScenario(io.cucumber.testng.PickleEventWrapper, io.cucumber.testng.CucumberFeatureWrapper)[pri:0, instance:org.runner.Runner@598bd2ba]" started-at="2023-01-20T10:57:26Z" name="runScenario" description="Runs Cucumber Scenarios" data-provider="scenarios" finished-at="2023-01-20T10:58:46Z" duration-ms="79907" status="PASS">
          <params>
            <param index="0">
              <value>
                <![CDATA["To validate application Export the contact using Salesforce website with US Region"]]>
              </value>
            </param>
            <param index="1">
              <value>
                <![CDATA["Validate application Export the contact using Salesforce website with US Region"]]>
              </value>
            </param>
          </params>
          <reporter-output>
          </reporter-output>
        </test-method> <!-- runScenario -->
        <test-method signature="runScenario(io.cucumber.testng.PickleEventWrapper, io.cucumber.testng.CucumberFeatureWrapper)[pri:0, instance:org.runner.Runner@598bd2ba]" started-at="2023-01-20T10:58:46Z" name="runScenario" description="Runs Cucumber Scenarios" data-provider="scenarios" finished-at="2023-01-20T10:59:58Z" duration-ms="72312" status="PASS">
          <params>
            <param index="0">
              <value>
                <![CDATA["To validate application Exported contact displayed in Salesforce Website with US Region"]]>
              </value>
            </param>
            <param index="1">
              <value>
                <![CDATA["Validate application Exported contact displayed in Salesforce Website with US Region"]]>
              </value>
            </param>
          </params>
          <reporter-output>
          </reporter-output>
        </test-method> <!-- runScenario -->
        <test-method signature="runScenario(io.cucumber.testng.PickleEventWrapper, io.cucumber.testng.CucumberFeatureWrapper)[pri:0, instance:org.runner.Runner@598bd2ba]" started-at="2023-01-20T10:59:58Z" name="runScenario" description="Runs Cucumber Scenarios" data-provider="scenarios" finished-at="2023-01-20T11:00:09Z" duration-ms="10207" status="PASS">
          <params>
            <param index="0">
              <value>
                <![CDATA["To validate application Exported contact along with company details-Adobe displayed in Salesforce Website with US Region"]]>
              </value>
            </param>
            <param index="1">
              <value>
                <![CDATA["Validate application Exported contact along with company details-Adobe displayed in Salesforce Website with US Region"]]>
              </value>
            </param>
          </params>
          <reporter-output>
          </reporter-output>
        </test-method> <!-- runScenario -->
        <test-method signature="runScenario(io.cucumber.testng.PickleEventWrapper, io.cucumber.testng.CucumberFeatureWrapper)[pri:0, instance:org.runner.Runner@598bd2ba]" started-at="2023-01-20T11:00:09Z" name="runScenario" description="Runs Cucumber Scenarios" data-provider="scenarios" finished-at="2023-01-20T11:00:22Z" duration-ms="13155" status="PASS">
          <params>
            <param index="0">
              <value>
                <![CDATA["To validate application Job Description Details as IT Head is displayed in Salesforce Website with US Region"]]>
              </value>
            </param>
            <param index="1">
              <value>
                <![CDATA["Validate application Job Description Details as IT Head is displayed in Salesforce Website with US Region"]]>
              </value>
            </param>
          </params>
          <reporter-output>
          </reporter-output>
        </test-method> <!-- runScenario -->
        <test-method is-config="true" signature="tearDownClass()[pri:0, instance:org.runner.Runner@598bd2ba]" started-at="2023-01-20T11:00:22Z" name="tearDownClass" finished-at="2023-01-20T11:00:22Z" duration-ms="507" status="PASS">
          <reporter-output>
          </reporter-output>
        </test-method> <!-- tearDownClass -->
        <test-method is-config="true" signature="cucumberReportGenerate()[pri:0, instance:org.runner.Runner@598bd2ba]" started-at="2023-01-20T11:00:22Z" name="cucumberReportGenerate" finished-at="2023-01-20T11:00:23Z" duration-ms="976" status="PASS">
          <reporter-output>
          </reporter-output>
        </test-method> <!-- cucumberReportGenerate -->
      </class> <!-- org.runner.Runner -->
    </test> <!-- Default test -->
  </suite> <!-- Default suite -->
</testng-results>
